<?xml version="1.0" encoding="UTF-8"?>
<coverage generated="1678533772322" clover="3.2.0">
  <project timestamp="1678533772323" name="All files">
    <metrics statements="5" coveredstatements="4" conditionals="1" coveredconditionals="1" methods="4" coveredmethods="2" elements="10" coveredelements="7" complexity="0" loc="5" ncloc="5" packages="2" files="2" classes="2"/>
    <package name="src">
      <metrics statements="3" coveredstatements="2" conditionals="0" coveredconditionals="0" methods="3" coveredmethods="1"/>
      <file name="App.tsx" path="C:\Users\xampi\Desktop\Proyects\react\lib-components-react-testing\src\App.tsx">
        <metrics statements="3" coveredstatements="2" conditionals="0" coveredconditionals="0" methods="3" coveredmethods="1"/>
        <line num="6" count="1" type="stmt"/>
        <line num="8" count="1" type="stmt"/>
        <line num="20" count="0" type="stmt"/>
      </file>
    </package>
    <package name="src.components.Link">
      <metrics statements="2" coveredstatements="2" conditionals="1" coveredconditionals="1" methods="1" coveredmethods="1"/>
      <file name="Link.tsx" path="C:\Users\xampi\Desktop\Proyects\react\lib-components-react-testing\src\components\Link\Link.tsx">
        <metrics statements="2" coveredstatements="2" conditionals="1" coveredconditionals="1" methods="1" coveredmethods="1"/>
        <line num="10" count="1" type="stmt"/>
        <line num="14" count="1" type="stmt"/>
      </file>
    </package>
  </project>
</coverage>
