{"C:\\Users\\xampi\\Desktop\\Proyects\\react\\lib-components-react-testing\\src\\App.tsx": {"path":"C:\\Users\\xampi\\Desktop\\Proyects\\react\\lib-components-react-testing\\src\\App.tsx","statementMap":{"0":{"start":{"line":6,"column":28},"end":{"line":6,"column":39}},"1":{"start":{"line":8,"column":2},"end":{"line":31,"column":3}},"2":{"start":{"line":20,"column":31},"end":{"line":20,"column":61}},"3":{"start":{"line":20,"column":51},"end":{"line":20,"column":60}}},"fnMap":{"0":{"name":"App","decl":{"start":{"line":5,"column":9},"end":{"line":5,"column":12}},"loc":{"start":{"line":5,"column":15},"end":{"line":32,"column":1}},"line":5},"1":{"name":"(anonymous_1)","decl":{"start":{"line":20,"column":25},"end":{"line":20,"column":26}},"loc":{"start":{"line":20,"column":31},"end":{"line":20,"column":61}},"line":20},"2":{"name":"(anonymous_2)","decl":{"start":{"line":20,"column":40},"end":{"line":20,"column":41}},"loc":{"start":{"line":20,"column":51},"end":{"line":20,"column":60}},"line":20}},"branchMap":{},"s":{"0":1,"1":1,"2":0,"3":0},"f":{"0":1,"1":0,"2":0},"b":{},"_coverageSchema":"1a1c01bbd47fc00a2c39e90264f33305004495a9","hash":"da83c1f9e8c129c2457341dfd4c54085e6ea139b"}
,"C:\\Users\\xampi\\Desktop\\Proyects\\react\\lib-components-react-testing\\src\\components\\Link\\Link.tsx": {"path":"C:\\Users\\xampi\\Desktop\\Proyects\\react\\lib-components-react-testing\\src\\components\\Link\\Link.tsx","statementMap":{"0":{"start":{"line":10,"column":20},"end":{"line":21,"column":3}},"1":{"start":{"line":14,"column":4},"end":{"line":20,"column":6}}},"fnMap":{"0":{"name":"(anonymous_0)","decl":{"start":{"line":10,"column":20},"end":{"line":10,"column":21}},"loc":{"start":{"line":13,"column":14},"end":{"line":21,"column":3}},"line":13}},"branchMap":{"0":{"loc":{"start":{"line":11,"column":4},"end":{"line":11,"column":12}},"type":"default-arg","locations":[{"start":{"line":11,"column":10},"end":{"line":11,"column":12}}],"line":11}},"s":{"0":1,"1":1},"f":{"0":1},"b":{"0":[1]},"_coverageSchema":"1a1c01bbd47fc00a2c39e90264f33305004495a9","hash":"4b6e2d25b956b94aa3a68a466e00940ce2cfe184"}
}
